<?xml version="1.0" encoding="UTF-8"?>
<!-- Generated by org.testng.reporters.JUnitXMLReporter -->
<testsuite hostname="RSI1535" ignored="0" name="Test" tests="6" failures="2" timestamp="18 Feb 2020 19:53:36 GMT" time="115.779" errors="0">
  <testcase name="cadastro1Positivo" time="18.495" classname="br.com.rsinet.hud.tdd.testes.TesteCadastro">
    <failure type="java.lang.AssertionError" message="expected [true] but found [false]">
      <![CDATA[java.lang.AssertionError: expected [true] but found [false]
at br.com.rsinet.hud.tdd.testes.TesteCadastro.cadastro1Positivo(TesteCadastro.java:70)
... Removed 29 stack frames]]>
    </failure>
  </testcase> <!-- cadastro1Positivo -->
  <testcase name="cadastro2Negativo" time="15.317" classname="br.com.rsinet.hud.tdd.testes.TesteCadastro">
    <failure type="org.openqa.selenium.InvalidSelectorException" message="invalid selector: Unable to locate an element with the xpath expression //*[@id=\&amp;quot;registerPage\&amp;quot;]/article/sec-form/div[2]/label[1] because of the following error:
SyntaxError: Failed to execute &amp;apos;evaluate&amp;apos; on &amp;apos;Document&amp;apos;: The string &amp;apos;//*[@id=\&amp;quot;registerPage\&amp;quot;]/article/sec-form/div[2]/label[1]&amp;apos; is not a valid XPath expression.
  (Session info: chrome=79.0.3945.130)
For documentation on this error, please visit: https://www.seleniumhq.org/exceptions/invalid_selector_exception.html
Build info: version: &amp;apos;3.141.59&amp;apos;, revision: &amp;apos;e82be7d358&amp;apos;, time: &amp;apos;2018-11-14T08:17:03&amp;apos;
System info: host: &amp;apos;RSI1535&amp;apos;, ip: &amp;apos;10.1.0.64&amp;apos;, os.name: &amp;apos;Windows 10&amp;apos;, os.arch: &amp;apos;amd64&amp;apos;, os.version: &amp;apos;10.0&amp;apos;, java.version: &amp;apos;1.8.0_232&amp;apos;
Driver info: org.openqa.selenium.chrome.ChromeDriver
Capabilities {acceptInsecureCerts: false, browserName: chrome, browserVersion: 79.0.3945.130, chrome: {chromedriverVersion: 79.0.3945.36 (3582db32b3389..., userDataDir: C:\Users\JOICE~1.ABR\AppDat...}, goog:chromeOptions: {debuggerAddress: localhost:52281}, javascriptEnabled: true, networkConnectionEnabled: false, pageLoadStrategy: normal, platform: WINDOWS, platformName: WINDOWS, proxy: Proxy(), setWindowRect: true, strictFileInteractability: false, timeouts: {implicit: 0, pageLoad: 300000, script: 30000}, unhandledPromptBehavior: dismiss and notify}
Session ID: 119eeb55238a226ab48ffa4febe60824
*** Element info: {Using=xpath, value=//*[@id=\&amp;quot;registerPage\&amp;quot;]/article/sec-form/div[2]/label[1]}">
      <![CDATA[org.openqa.selenium.InvalidSelectorException: invalid selector: Unable to locate an element with the xpath expression //*[@id=\"registerPage\"]/article/sec-form/div[2]/label[1] because of the following error:
SyntaxError: Failed to execute 'evaluate' on 'Document': The string '//*[@id=\"registerPage\"]/article/sec-form/div[2]/label[1]' is not a valid XPath expression.
  (Session info: chrome=79.0.3945.130)
For documentation on this error, please visit: https://www.seleniumhq.org/exceptions/invalid_selector_exception.html
Build info: version: '3.141.59', revision: 'e82be7d358', time: '2018-11-14T08:17:03'
System info: host: 'RSI1535', ip: '10.1.0.64', os.name: 'Windows 10', os.arch: 'amd64', os.version: '10.0', java.version: '1.8.0_232'
Driver info: org.openqa.selenium.chrome.ChromeDriver
Capabilities {acceptInsecureCerts: false, browserName: chrome, browserVersion: 79.0.3945.130, chrome: {chromedriverVersion: 79.0.3945.36 (3582db32b3389..., userDataDir: C:\Users\JOICE~1.ABR\AppDat...}, goog:chromeOptions: {debuggerAddress: localhost:52281}, javascriptEnabled: true, networkConnectionEnabled: false, pageLoadStrategy: normal, platform: WINDOWS, platformName: WINDOWS, proxy: Proxy(), setWindowRect: true, strictFileInteractability: false, timeouts: {implicit: 0, pageLoad: 300000, script: 30000}, unhandledPromptBehavior: dismiss and notify}
Session ID: 119eeb55238a226ab48ffa4febe60824
*** Element info: {Using=xpath, value=//*[@id=\"registerPage\"]/article/sec-form/div[2]/label[1]}
at org.openqa.selenium.remote.http.W3CHttpResponseCodec.createException(W3CHttpResponseCodec.java:187)
at org.openqa.selenium.remote.http.W3CHttpResponseCodec.decode(W3CHttpResponseCodec.java:122)
at org.openqa.selenium.remote.http.W3CHttpResponseCodec.decode(W3CHttpResponseCodec.java:49)
at org.openqa.selenium.remote.HttpCommandExecutor.execute(HttpCommandExecutor.java:158)
at org.openqa.selenium.remote.service.DriverCommandExecutor.execute(DriverCommandExecutor.java:83)
at org.openqa.selenium.remote.RemoteWebDriver.execute(RemoteWebDriver.java:552)
at org.openqa.selenium.remote.RemoteWebDriver.findElement(RemoteWebDriver.java:323)
at org.openqa.selenium.remote.RemoteWebDriver.findElementByXPath(RemoteWebDriver.java:428)
at org.openqa.selenium.By$ByXPath.findElement(By.java:353)
at org.openqa.selenium.remote.RemoteWebDriver.findElement(RemoteWebDriver.java:315)
at org.openqa.selenium.support.pagefactory.DefaultElementLocator.findElement(DefaultElementLocator.java:69)
at org.openqa.selenium.support.pagefactory.internal.LocatingElementHandler.invoke(LocatingElementHandler.java:38)
at com.sun.proxy.$Proxy8.getText(Unknown Source)
at br.com.rsinet.hub.tdd.PageFactory.CadastroPage.usuariojaexiste(CadastroPage.java:164)
at br.com.rsinet.hud.tdd.testes.TesteCadastro.cadastro2Negativo(TesteCadastro.java:95)
... Removed 29 stack frames]]>
    </failure>
  </testcase> <!-- cadastro2Negativo -->
  <testcase name="telapincipal2" time="7.831" classname="br.com.rsinet.hud.tdd.testes.TesteTelaPrincipal"/>
  <testcase name="telaprincipal1" time="2.62" classname="br.com.rsinet.hud.tdd.testes.TesteTelaPrincipal"/>
  <testcase name="buscaporlupa1_Positivo" time="1.745" classname="br.com.rsinet.hud.tdd.testes.TestePesquisaPorLupa"/>
  <testcase name="buscaporlupa2_Negativo" time="0.469" classname="br.com.rsinet.hud.tdd.testes.TestePesquisaPorLupa"/>
</testsuite> <!-- Test -->
