<?xml version="1.0" encoding="UTF-8"?>
<!-- Generated by org.testng.reporters.JUnitReportReporter -->
<testsuite skipped="2" hostname="RSI1535" name="br.com.rsinet.Hub_TDD.PageObjects.Tests.PageCadastro" tests="3" failures="0" timestamp="16 Jan 2020 19:39:34 GMT" time="16.446" errors="1">
  <testcase name="testes" time="16.446" classname="br.com.rsinet.Hub_TDD.PageObjects.Tests.PageCadastro">
    <error type="org.openqa.selenium.SessionNotCreatedException" message="session not created
from chrome not reachable
  (Session info: chrome=79.0.3945.117)
Build info: version: &#039;3.141.59&#039;, revision: &#039;e82be7d358&#039;, time: &#039;2018-11-14T08:17:03&#039;
System info: host: &#039;RSI1535&#039;, ip: &#039;10.0.75.1&#039;, os.name: &#039;Windows 10&#039;, os.arch: &#039;amd64&#039;, os.version: &#039;10.0&#039;, java.version: &#039;1.8.0_231&#039;
Driver info: driver.version: Page_WebDriver
remote stacktrace: Backtrace:
	Ordinal0 [0x00A4A923+1550627]
	Ordinal0 [0x009CA731+1025841]
	Ordinal0 [0x0094C5BE+509374]
	Ordinal0 [0x009462F2+484082]
	Ordinal0 [0x009469CB+485835]
	Ordinal0 [0x00947B35+490293]
	Ordinal0 [0x00943AB5+473781]
	Ordinal0 [0x0094D360+512864]
	Ordinal0 [0x008FB649+177737]
	Ordinal0 [0x008FA8ED+174317]
	Ordinal0 [0x008F8CDB+167131]
	Ordinal0 [0x008E144A+70730]
	Ordinal0 [0x008E24D0+74960]
	Ordinal0 [0x008E2469+74857]
	Ordinal0 [0x009E42F7+1131255]
	GetHandleVerifier [0x00AE711D+523789]
	GetHandleVerifier [0x00AE6EB0+523168]
	GetHandleVerifier [0x00AEE207+552695]
	GetHandleVerifier [0x00AE791A+525834]
	Ordinal0 [0x009DB82C+1095724]
	Ordinal0 [0x009E636B+1139563]
	Ordinal0 [0x009E64D3+1139923]
	Ordinal0 [0x009E5455+1135701]
	BaseThreadInitThunk [0x76546359+25]
	RtlGetAppContainerNamedObjectPath [0x77407B74+228]
	RtlGetAppContainerNamedObjectPath [0x77407B44+180]
">
      <![CDATA[org.openqa.selenium.SessionNotCreatedException: session not created
from chrome not reachable
  (Session info: chrome=79.0.3945.117)
Build info: version: '3.141.59', revision: 'e82be7d358', time: '2018-11-14T08:17:03'
System info: host: 'RSI1535', ip: '10.0.75.1', os.name: 'Windows 10', os.arch: 'amd64', os.version: '10.0', java.version: '1.8.0_231'
Driver info: driver.version: Page_WebDriver
remote stacktrace: Backtrace:
Ordinal0 [0x00A4A923+1550627]
Ordinal0 [0x009CA731+1025841]
Ordinal0 [0x0094C5BE+509374]
Ordinal0 [0x009462F2+484082]
Ordinal0 [0x009469CB+485835]
Ordinal0 [0x00947B35+490293]
Ordinal0 [0x00943AB5+473781]
Ordinal0 [0x0094D360+512864]
Ordinal0 [0x008FB649+177737]
Ordinal0 [0x008FA8ED+174317]
Ordinal0 [0x008F8CDB+167131]
Ordinal0 [0x008E144A+70730]
Ordinal0 [0x008E24D0+74960]
Ordinal0 [0x008E2469+74857]
Ordinal0 [0x009E42F7+1131255]
GetHandleVerifier [0x00AE711D+523789]
GetHandleVerifier [0x00AE6EB0+523168]
GetHandleVerifier [0x00AEE207+552695]
GetHandleVerifier [0x00AE791A+525834]
Ordinal0 [0x009DB82C+1095724]
Ordinal0 [0x009E636B+1139563]
Ordinal0 [0x009E64D3+1139923]
Ordinal0 [0x009E5455+1135701]
BaseThreadInitThunk [0x76546359+25]
RtlGetAppContainerNamedObjectPath [0x77407B74+228]
RtlGetAppContainerNamedObjectPath [0x77407B44+180]

at sun.reflect.NativeConstructorAccessorImpl.newInstance0(Native Method)
at sun.reflect.NativeConstructorAccessorImpl.newInstance(NativeConstructorAccessorImpl.java:62)
at sun.reflect.DelegatingConstructorAccessorImpl.newInstance(DelegatingConstructorAccessorImpl.java:45)
at java.lang.reflect.Constructor.newInstance(Constructor.java:423)
at org.openqa.selenium.remote.W3CHandshakeResponse.lambda$errorHandler$0(W3CHandshakeResponse.java:62)
at org.openqa.selenium.remote.HandshakeResponse.lambda$getResponseFunction$0(HandshakeResponse.java:30)
at org.openqa.selenium.remote.ProtocolHandshake.lambda$createSession$0(ProtocolHandshake.java:126)
at java.util.stream.ReferencePipeline$3$1.accept(ReferencePipeline.java:193)
at java.util.Spliterators$ArraySpliterator.tryAdvance(Spliterators.java:958)
at java.util.stream.ReferencePipeline.forEachWithCancel(ReferencePipeline.java:126)
at java.util.stream.AbstractPipeline.copyIntoWithCancel(AbstractPipeline.java:499)
at java.util.stream.AbstractPipeline.copyInto(AbstractPipeline.java:486)
at java.util.stream.AbstractPipeline.wrapAndCopyInto(AbstractPipeline.java:472)
at java.util.stream.FindOps$FindOp.evaluateSequential(FindOps.java:152)
at java.util.stream.AbstractPipeline.evaluate(AbstractPipeline.java:234)
at java.util.stream.ReferencePipeline.findFirst(ReferencePipeline.java:464)
at org.openqa.selenium.remote.ProtocolHandshake.createSession(ProtocolHandshake.java:128)
at org.openqa.selenium.remote.ProtocolHandshake.createSession(ProtocolHandshake.java:74)
at org.openqa.selenium.remote.HttpCommandExecutor.execute(HttpCommandExecutor.java:136)
at org.openqa.selenium.remote.service.DriverCommandExecutor.execute(DriverCommandExecutor.java:83)
at org.openqa.selenium.remote.RemoteWebDriver.execute(RemoteWebDriver.java:552)
at org.openqa.selenium.remote.RemoteWebDriver.startSession(RemoteWebDriver.java:213)
at org.openqa.selenium.remote.RemoteWebDriver.<init>(RemoteWebDriver.java:131)
at org.openqa.selenium.chrome.ChromeDriver.<init>(ChromeDriver.java:181)
at org.openqa.selenium.chrome.ChromeDriver.<init>(ChromeDriver.java:168)
at org.openqa.selenium.chrome.ChromeDriver.<init>(ChromeDriver.java:123)
at br.com.rsinet.Hub_TDD.PageObjects.Page_WebDriver.inicializaDriver(Page_WebDriver.java:17)
at br.com.rsinet.Hub_TDD.PageObjects.Tests.PageCadastro.testes(PageCadastro.java:40)
at sun.reflect.NativeMethodAccessorImpl.invoke0(Native Method)
at sun.reflect.NativeMethodAccessorImpl.invoke(NativeMethodAccessorImpl.java:62)
at sun.reflect.DelegatingMethodAccessorImpl.invoke(DelegatingMethodAccessorImpl.java:43)
at java.lang.reflect.Method.invoke(Method.java:498)
at org.testng.internal.MethodInvocationHelper.invokeMethod(MethodInvocationHelper.java:124)
at org.testng.internal.MethodInvocationHelper.invokeMethodConsideringTimeout(MethodInvocationHelper.java:59)
at org.testng.internal.Invoker.invokeConfigurationMethod(Invoker.java:458)
at org.testng.internal.Invoker.invokeConfigurations(Invoker.java:222)
at org.testng.internal.Invoker.invokeMethod(Invoker.java:523)
at org.testng.internal.Invoker.invokeTestMethod(Invoker.java:719)
at org.testng.internal.Invoker.invokeTestMethods(Invoker.java:989)
at org.testng.internal.TestMethodWorker.invokeTestMethods(TestMethodWorker.java:125)
at org.testng.internal.TestMethodWorker.run(TestMethodWorker.java:109)
at org.testng.TestRunner.privateRun(TestRunner.java:648)
at org.testng.TestRunner.run(TestRunner.java:505)
at org.testng.SuiteRunner.runTest(SuiteRunner.java:455)
at org.testng.SuiteRunner.runSequentially(SuiteRunner.java:450)
at org.testng.SuiteRunner.privateRun(SuiteRunner.java:415)
at org.testng.SuiteRunner.run(SuiteRunner.java:364)
at org.testng.SuiteRunnerWorker.runSuite(SuiteRunnerWorker.java:52)
at org.testng.SuiteRunnerWorker.run(SuiteRunnerWorker.java:84)
at org.testng.TestNG.runSuitesSequentially(TestNG.java:1208)
at org.testng.TestNG.runSuitesLocally(TestNG.java:1137)
at org.testng.TestNG.runSuites(TestNG.java:1049)
at org.testng.TestNG.run(TestNG.java:1017)
at org.testng.remote.AbstractRemoteTestNG.run(AbstractRemoteTestNG.java:115)
at org.testng.remote.RemoteTestNG.initAndRun(RemoteTestNG.java:251)
at org.testng.remote.RemoteTestNG.main(RemoteTestNG.java:77)
]]>
    </error>
  </testcase> <!-- testes -->
  <testcase name="cadastrojaExistente" time="0.000" classname="br.com.rsinet.Hub_TDD.PageObjects.Tests.PageCadastro">
    <skipped/>
  </testcase> <!-- cadastrojaExistente -->
  <testcase name="cadastro_realizado_com_sucesso" time="0.000" classname="br.com.rsinet.Hub_TDD.PageObjects.Tests.PageCadastro">
    <skipped/>
  </testcase> <!-- cadastro_realizado_com_sucesso -->
</testsuite> <!-- br.com.rsinet.Hub_TDD.PageObjects.Tests.PageCadastro -->
